0 info it worked if it ends with ok
1 verbose cli [ 'node', '/usr/local/bin/npm', 'install', '-g', 'grunt-cli' ]
2 info using npm@2.1.17
3 info using node@v0.10.35
4 silly cache add args [ 'grunt-cli', null ]
5 verbose cache add spec grunt-cli
6 silly cache add parsed spec { raw: 'grunt-cli',
6 silly cache add   scope: null,
6 silly cache add   name: 'grunt-cli',
6 silly cache add   rawSpec: '',
6 silly cache add   spec: '*',
6 silly cache add   type: 'range' }
7 verbose addNamed grunt-cli@*
8 silly addNamed semver.valid null
9 silly addNamed semver.validRange *
10 silly addNameRange { name: 'grunt-cli', range: '*', hasData: false }
11 silly mapToRegistry name grunt-cli
12 silly mapToRegistry using default registry
13 silly mapToRegistry registry https://registry.npmjs.org/
14 silly mapToRegistry uri https://registry.npmjs.org/grunt-cli
15 verbose addNameRange registry:https://registry.npmjs.org/grunt-cli not in flight; fetching
16 verbose request uri https://registry.npmjs.org/grunt-cli
17 verbose request no auth needed
18 info attempt registry request try #1 at 12:11:01
19 verbose request id c083149a5d7e2365
20 verbose etag "3AY3HD1PETUNI6KXQE8PJ8WSL"
21 http request GET https://registry.npmjs.org/grunt-cli
22 http 200 https://registry.npmjs.org/grunt-cli
23 silly get cb [ 200,
23 silly get   { date: 'Wed, 29 Apr 2015 10:11:02 GMT',
23 silly get     server: 'CouchDB/1.5.0 (Erlang OTP/R16B03)',
23 silly get     etag: '"ESOLH8ZL8KEZNRX2NLRNH19R4"',
23 silly get     'content-type': 'application/json',
23 silly get     'cache-control': 'max-age=60',
23 silly get     'content-length': '20797',
23 silly get     'accept-ranges': 'bytes',
23 silly get     via: '1.1 varnish',
23 silly get     age: '19',
23 silly get     'x-served-by': 'cache-ams4125-AMS',
23 silly get     'x-cache': 'HIT',
23 silly get     'x-cache-hits': '1',
23 silly get     'x-timer': 'S1430302262.861539,VS0,VE0',
23 silly get     vary: 'Accept',
23 silly get     'keep-alive': 'timeout=10, max=50',
23 silly get     connection: 'Keep-Alive' } ]
24 silly addNameRange number 2 { name: 'grunt-cli', range: '*', hasData: true }
25 silly addNameRange versions [ 'grunt-cli',
25 silly addNameRange   [ '0.1.0',
25 silly addNameRange     '0.1.1',
25 silly addNameRange     '0.1.2',
25 silly addNameRange     '0.1.3',
25 silly addNameRange     '0.1.4',
25 silly addNameRange     '0.1.5',
25 silly addNameRange     '0.1.6',
25 silly addNameRange     '0.1.7',
25 silly addNameRange     '0.1.8',
25 silly addNameRange     '0.1.9',
25 silly addNameRange     '0.1.10',
25 silly addNameRange     '0.1.11',
25 silly addNameRange     '0.1.12',
25 silly addNameRange     '0.1.13' ] ]
26 verbose addNamed grunt-cli@0.1.13
27 silly addNamed semver.valid 0.1.13
28 silly addNamed semver.validRange 0.1.13
29 silly cache afterAdd grunt-cli@0.1.13
30 verbose afterAdd /Users/garethlegrange/.npm/grunt-cli/0.1.13/package/package.json not in flight; writing
31 verbose afterAdd /Users/garethlegrange/.npm/grunt-cli/0.1.13/package/package.json written
32 silly install resolved [ { name: 'grunt-cli',
32 silly install resolved     description: 'The grunt command line interface.',
32 silly install resolved     version: '0.1.13',
32 silly install resolved     author: { name: 'Grunt Team' },
32 silly install resolved     homepage: 'http://gruntjs.com/',
32 silly install resolved     repository: { type: 'git', url: 'git://github.com/gruntjs/grunt-cli.git' },
32 silly install resolved     bugs: { url: 'http://github.com/gruntjs/grunt-cli/issues' },
32 silly install resolved     licenses: [ [Object] ],
32 silly install resolved     bin: { grunt: 'bin/grunt' },
32 silly install resolved     engines: { node: '>= 0.8.0' },
32 silly install resolved     scripts: { test: 'node bin/grunt test' },
32 silly install resolved     preferGlobal: true,
32 silly install resolved     dependencies: { nopt: '~1.0.10', 'findup-sync': '~0.1.0', resolve: '~0.3.1' },
32 silly install resolved     devDependencies: { grunt: '~0.4.0', 'grunt-contrib-jshint': '~0.2.0' },
32 silly install resolved     contributors: [ [Object], [Object], [Object], [Object] ],
32 silly install resolved     _id: 'grunt-cli@0.1.13',
32 silly install resolved     dist:
32 silly install resolved      { shasum: 'e9ebc4047631f5012d922770c39378133cad10f4',
32 silly install resolved        tarball: 'http://registry.npmjs.org/grunt-cli/-/grunt-cli-0.1.13.tgz' },
32 silly install resolved     _from: 'grunt-cli@*',
32 silly install resolved     _npmVersion: '1.3.24',
32 silly install resolved     _npmUser: { name: 'tkellen', email: 'tyler@sleekcode.net' },
32 silly install resolved     maintainers: [ [Object] ],
32 silly install resolved     directories: {},
32 silly install resolved     _shasum: 'e9ebc4047631f5012d922770c39378133cad10f4',
32 silly install resolved     _resolved: 'https://registry.npmjs.org/grunt-cli/-/grunt-cli-0.1.13.tgz',
32 silly install resolved     readme: 'ERROR: No README data found!' } ]
33 info install grunt-cli@0.1.13 into /usr/local/lib
34 info installOne grunt-cli@0.1.13
35 verbose installOne of grunt-cli to /usr/local/lib not in flight; installing
36 verbose lock using /Users/garethlegrange/.npm/_locks/grunt-cli-58f484dab06f0a30.lock for /usr/local/lib/node_modules/grunt-cli
37 silly install write writing grunt-cli 0.1.13 to /usr/local/lib/node_modules/grunt-cli
38 silly cache addNamed cb grunt-cli@0.1.13
39 verbose unbuild lib/node_modules/grunt-cli
40 info preuninstall grunt-cli@0.1.13
41 info uninstall grunt-cli@0.1.13
42 verbose unbuild rmStuff grunt-cli@0.1.13 from /usr/local/lib/node_modules
43 verbose gentlyRm verifying that /usr/local is managed by npm
44 silly isManaged /usr/local is not inside /usr/local/lib/node_modules
45 silly isManaged /usr/local is not inside /usr/local/lib/node_modules
46 silly isManaged /usr/local/bin is inside /usr/local
47 silly gentlyRm /usr/local is managed by npm
48 silly gentlyRm /usr/local/bin/grunt is under /usr/local
49 verbose gentlyRm vacuuming /usr/local/bin/grunt up to /usr/local
50 silly gentlyRm removing /usr/local/bin/grunt
51 verbose unlock done using /Users/garethlegrange/.npm/_locks/grunt-cli-58f484dab06f0a30.lock for /usr/local/lib/node_modules/grunt-cli
52 verbose stack Error: EACCES, unlink '/usr/local/bin/grunt'
53 verbose cwd /Applications/MAMP/htdocs/HealthWealth
54 error Darwin 14.3.0
55 error argv "node" "/usr/local/bin/npm" "install" "-g" "grunt-cli"
56 error node v0.10.35
57 error npm  v2.1.17
58 error path /usr/local/bin/grunt
59 error code EACCES
60 error errno 3
61 error Error: EACCES, unlink '/usr/local/bin/grunt'
61 error  { [Error: EACCES, unlink '/usr/local/bin/grunt'] errno: 3, code: 'EACCES', path: '/usr/local/bin/grunt' }
62 error Please try running this command again as root/Administrator.
63 verbose exit [ 3, true ]
64 verbose unbuild lib/node_modules/grunt-cli
65 info preuninstall grunt-cli@0.1.13
66 info uninstall grunt-cli@0.1.13
67 verbose unbuild rmStuff grunt-cli@0.1.13 from /usr/local/lib/node_modules
68 verbose gentlyRm verifying that /usr/local is managed by npm
69 silly isManaged /usr/local is not inside /usr/local/lib/node_modules
70 silly isManaged /usr/local is not inside /usr/local/lib/node_modules
71 silly isManaged /usr/local is not inside /usr/local/bin
72 silly isManaged /usr/local is inside /usr/local
73 silly gentlyRm /usr/local is managed by npm
74 silly gentlyRm /usr/local/bin/grunt is under /usr/local
75 verbose gentlyRm vacuuming /usr/local/bin/grunt up to /usr/local
76 silly gentlyRm removing /usr/local/bin/grunt
77 error error rolling back Error: EACCES, unlink '/usr/local/bin/grunt'
77 error error rolling back  { [Error: EACCES, unlink '/usr/local/bin/grunt'] errno: 3, code: 'EACCES', path: '/usr/local/bin/grunt' }
